<?xml version="1.0" encoding="UTF-8"?>
<testsuite xmlns:xsi="http://www.w3.org/2001/XMLSchema-instance" xsi:noNamespaceSchemaLocation="https://maven.apache.org/surefire/maven-surefire-plugin/xsd/surefire-test-report.xsd" version="3.0.1" name="Validate the Php Login page Feature" time="19.372" tests="1" errors="0" skipped="0" failures="0">
  <properties>
[...]
</properties>
  <testcase name="Validating Login page with Correct Credential singleton" classname="Validate the Php Login page Feature" time="19.372">
    <system-out><![CDATA[
@Singleton @tag2
Scenario Outline: Validating Login page with Correct Credential singleton                       &amp#27;[90m# src/test/resources/featureFiles/testPhpsingleton.feature:15&amp#27;[0m
This is Before Scenario
This si the PHP login page
Person in Given StateMent
Person entered into php login page
  &amp#27;[32mGiven &amp#27;[0m&amp#27;[32mprovide the login creditial as UserName:<&amp#27;[0m&amp#27;[32m&amp#27;[1m'username'&amp#27;[0m&amp#27;[32m> and Password<&amp#27;[0m&amp#27;[32m&amp#27;[1m'password'&amp#27;[0m&amp#27;[32m> singleton&amp#27;[0m &amp#27;[90m# StepDefinitions.loginpagesingeltonValidation.provide_the_login_creditial_as_user_name_and_password(java.lang.String,java.lang.String)&amp#27;[0m
Person in When State Ment
  &amp#27;[32mWhen &amp#27;[0m&amp#27;[32mClick the login button singleton&amp#27;[0m                                                         &amp#27;[90m# StepDefinitions.loginpagesingeltonValidation.click_the_login_button()&amp#27;[0m
Person in Then State Ment
  &amp#27;[32mThen &amp#27;[0m&amp#27;[32mVerify Ppt entered into home page singleton&amp#27;[0m                                              &amp#27;[90m# StepDefinitions.loginpagesingeltonValidation.verify_ppt_entered_into_home_page()&amp#27;[0m
This is After Scenario
]]></system-out>
    <system-err><![CDATA[[pool-3-thread-2] INFO io.github.bonigarcia.wdm.WebDriverManager - Using chromedriver 126.0.6478.182 (resolved driver for Chrome 126)
[pool-3-thread-2] INFO io.github.bonigarcia.wdm.WebDriverManager - Exporting webdriver.chrome.driver as C:\Users\jeyan\.cache\selenium\chromedriver\win64\126.0.6478.182\chromedriver.exe
java.lang.NullPointerException: Cannot invoke "Hooks.BasicHooksClass.getScenarioName()" because "this.hooks" is null
	at CommanUse.CommonUtil.takingScreenshot(CommonUtil.java:22)
	at StepDefinitions.loginpagesingeltonValidation.provide_the_login_creditial_as_user_name_and_password(loginpagesingeltonValidation.java:37)
	at java.base/jdk.internal.reflect.DirectMethodHandleAccessor.invoke(DirectMethodHandleAccessor.java:104)
	at java.base/java.lang.reflect.Method.invoke(Method.java:578)
	at io.cucumber.java.Invoker.doInvoke(Invoker.java:66)
	at io.cucumber.java.Invoker.invoke(Invoker.java:24)
	at io.cucumber.java.AbstractGlueDefinition.invokeMethod(AbstractGlueDefinition.java:47)
	at io.cucumber.java.JavaStepDefinition.execute(JavaStepDefinition.java:29)
	at io.cucumber.core.runner.CoreStepDefinition.execute(CoreStepDefinition.java:66)
	at io.cucumber.core.runner.PickleStepDefinitionMatch.runStep(PickleStepDefinitionMatch.java:63)
	at io.cucumber.core.runner.ExecutionMode$1.execute(ExecutionMode.java:10)
	at io.cucumber.core.runner.TestStep.executeStep(TestStep.java:81)
	at io.cucumber.core.runner.TestStep.run(TestStep.java:53)
	at io.cucumber.core.runner.PickleStepTestStep.run(PickleStepTestStep.java:51)
	at io.cucumber.core.runner.TestCase.run(TestCase.java:84)
	at io.cucumber.core.runner.Runner.runPickle(Runner.java:75)
	at io.cucumber.junit.PickleRunners$NoStepDescriptions.lambda$run$0(PickleRunners.java:151)
	at io.cucumber.core.runtime.CucumberExecutionContext.lambda$runTestCase$5(CucumberExecutionContext.java:136)
	at io.cucumber.core.runtime.RethrowingThrowableCollector.executeAndThrow(RethrowingThrowableCollector.java:23)
	at io.cucumber.core.runtime.CucumberExecutionContext.runTestCase(CucumberExecutionContext.java:136)
	at io.cucumber.junit.PickleRunners$NoStepDescriptions.run(PickleRunners.java:148)
	at io.cucumber.junit.FeatureRunner.runChild(FeatureRunner.java:144)
	at io.cucumber.junit.FeatureRunner.runChild(FeatureRunner.java:28)
	at org.junit.runners.ParentRunner$4.run(ParentRunner.java:331)
	at org.junit.runners.ParentRunner$1.schedule(ParentRunner.java:79)
	at org.junit.runners.ParentRunner.runChildren(ParentRunner.java:329)
	at org.junit.runners.ParentRunner.access$100(ParentRunner.java:66)
	at org.junit.runners.ParentRunner$2.evaluate(ParentRunner.java:293)
	at org.junit.runners.ParentRunner$3.evaluate(ParentRunner.java:306)
	at org.junit.runners.ParentRunner.run(ParentRunner.java:413)
	at io.cucumber.junit.FeatureRunner.run(FeatureRunner.java:137)
	at io.cucumber.junit.Cucumber.runChild(Cucumber.java:196)
	at io.cucumber.junit.Cucumber.runChild(Cucumber.java:89)
	at org.junit.runners.ParentRunner$4.run(ParentRunner.java:331)
	at org.apache.maven.surefire.junitcore.pc.Scheduler$1.run(Scheduler.java:345)
	at java.base/java.util.concurrent.Executors$RunnableAdapter.call(Executors.java:577)
	at java.base/java.util.concurrent.FutureTask.run(FutureTask.java:317)
	at java.base/java.util.concurrent.ThreadPoolExecutor.runWorker(ThreadPoolExecutor.java:1144)
	at java.base/java.util.concurrent.ThreadPoolExecutor$Worker.run(ThreadPoolExecutor.java:642)
	at java.base/java.lang.Thread.run(Thread.java:1623)
]]></system-err>
  </testcase>
</testsuite>